{"uid":"dc9fe2f6e83cd673","name":"test_m3","fullName":"test_pytestbasics#test_m3","historyId":"c5307f2aba833a5411f0f32ead9351cf","time":{"start":1747369265250,"stop":1747369265250,"duration":0},"status":"failed","statusMessage":"AssertionError: test got failed\nassert 'MADHU' == 'MADU'\n  \n  - MADU\n  + MADHU\n  ?    +","statusTrace":"def test_m3():\n        name=\"madhu\"\n>       assert name.upper()==\"MADU\", \"test got failed\"\nE       AssertionError: test got failed\nE       assert 'MADHU' == 'MADU'\nE         \nE         - MADU\nE         + MADHU\nE         ?    +\n\ntest_pytestbasics.py:14: AssertionError","flaky":false,"newFailed":false,"newBroken":false,"newPassed":false,"retriesCount":0,"retriesStatusChange":false,"beforeStages":[],"afterStages":[],"labels":[{"name":"suite","value":"test_pytestbasics"},{"name":"host","value":"Madhu"},{"name":"thread","value":"13484-MainThread"},{"name":"framework","value":"pytest"},{"name":"language","value":"cpython3"},{"name":"package","value":"test_pytestbasics"},{"name":"resultFormat","value":"allure2"}],"parameters":[],"links":[],"hidden":true,"retry":true,"extra":{"categories":[],"tags":[]},"source":"dc9fe2f6e83cd673.json","parameterValues":[]}