{"name": "test_m3", "status": "failed", "statusDetails": {"message": "AssertionError: test got failed\nassert 'MADHU' == 'MADU'\n  \n  - MADU\n  + MADHU\n  ?    +", "trace": "def test_m3():\n        name=\"madhu\"\n>       assert name.upper()==\"MADU\", \"test got failed\"\nE       AssertionError: test got failed\nE       assert 'MADHU' == 'MADU'\nE         \nE         - MADU\nE         + MADHU\nE         ?    +\n\ntest_pytestbasics.py:14: AssertionError"}, "start": 1747369338027, "stop": 1747369338029, "uuid": "09fff5ae-a016-4ac8-97da-1dc09fe7cfda", "historyId": "c5307f2aba833a5411f0f32ead9351cf", "testCaseId": "c5307f2aba833a5411f0f32ead9351cf", "fullName": "test_pytestbasics#test_m3", "labels": [{"name": "suite", "value": "test_pytestbasics"}, {"name": "host", "value": "Madhu"}, {"name": "thread", "value": "30016-MainThread"}, {"name": "framework", "value": "pytest"}, {"name": "language", "value": "cpython3"}, {"name": "package", "value": "test_pytestbasics"}]}