{"name": "test_m6", "status": "failed", "statusDetails": {"message": "AssertionError: test got failed\nassert 'MADHU' == 'MADU'\n  \n  - MADU\n  + MADHU\n  ?    +", "trace": "def test_m6():\n        name=\"madhu\"\n>       assert name.upper()==\"MADU\", \"test got failed\"\nE       AssertionError: test got failed\nE       assert 'MADHU' == 'MADU'\nE         \nE         - MADU\nE         + MADHU\nE         ?    +\n\ntest_Practice3.py:9: AssertionError"}, "start": 1747369254269, "stop": 1747369254271, "uuid": "928f9d29-7fc9-4640-bf60-ce3402be326f", "historyId": "13b3b539bbc59e4725212de98e6917a1", "testCaseId": "13b3b539bbc59e4725212de98e6917a1", "fullName": "test_Practice3#test_m6", "labels": [{"name": "suite", "value": "test_Practice3"}, {"name": "host", "value": "Madhu"}, {"name": "thread", "value": "13484-MainThread"}, {"name": "framework", "value": "pytest"}, {"name": "language", "value": "cpython3"}, {"name": "package", "value": "test_Practice3"}]}